<?xml version="1.0" encoding="UTF-8"?>
<!-- Generated by org.testng.reporters.JUnitReportReporter -->
<testsuite hostname="Magic" failures="0" tests="1" name="packg.DragAndDrop" time="26.423" errors="0" timestamp="2023-05-25T00:54:47 IST" skipped="0">
  <testcase classname="packg.DragAndDrop" name="cookies_1" time="26.423"/>
  <system-out/>
</testsuite> <!-- packg.DragAndDrop -->
